Removed Pin From Net: NetName=LED TFT Pin=R1-1
Removed Pin From Net: NetName=VCC 3.3V Pin=R1-2
Removed Pin From Net: NetName=VCC 5V Pin=S2-1
Removed Pin From Net: NetName=GND Pin=S2-3
Removed Pin From Net: NetName=BUTTON_1 Pin=S3-1
Removed Pin From Net: NetName=VCC 5V Pin=S3-4
Removed Pin From Net: NetName=BUTTON_2 Pin=S4-1
Removed Pin From Net: NetName=VCC 5V Pin=S4-4
Removed Pin From Net: NetName=VCC 3.3V Pin=U1-2
Removed Member From Class: ClassName=Bee Hive MainBoard Member=R1
Change Component Footprint: Designator=S2 Old Footprint=schiebeschalter 7A11-A1PCAE2 New Footprint=Schiebeschalter on-on 2 P, EG2207
Change Component Footprint: Designator=S3 Old Footprint=Taster Print RND 210-00212 New Footprint=Taster Print - SMD - PTS647SM70SMTR2LFS
Change Component Footprint: Designator=S4 Old Footprint=Taster Print RND 210-00212 New Footprint=Taster Print - SMD - PTS647SM70SMTR2LFS
Change Component Comment : Designator=S2 Old Comment=Schiebeschalter 7A11-A1PCAE2 New Comment=Schiebeschalter EG2207
Change component parameters: Designator = "S3" ("S3"); Footprint = "Taster Print RND 210-00212"; UniqueID = "\QTBDQRXM" ("\QTBDQRXM")
Change component parameters (AddParameter): Name = "ComponentLink1Description"; Value = "link"; VariantName = "[No Variations]"
Change component parameters (AddParameter): Name = "ComponentLink1URL"; Value = "https://www.digikey.ch/product-detail/de/wurth-electronics-inc/430473035826/732-7021-1-ND/5225469"; VariantName = "[No Variations]"
Change component parameters (AddParameter): Name = "Haendler"; Value = "Mouser"; VariantName = "[No Variations]"
Change component parameters (AddParameter): Name = "Haendler Nr"; Value = "611-PTS647SM70SMTR2L"; VariantName = "[No Variations]"
Change component parameters (AddParameter): Name = "Hersteller"; Value = ""; VariantName = "[No Variations]"
Change component parameters (AddParameter): Name = "Hersteller Nr"; Value = ""; VariantName = "[No Variations]"
Change component parameters (AddParameter): Name = "Link"; Value = "https://www.mouser.ch/ProductDetail/CK/PTS647SM70SMTR2LFS?qs=PqoDHHvF64%252Bxl5nIb9IaOw%3D%3D"; VariantName = "[No Variations]"
Change component parameters (AddParameter): Name = "Link Hersteller"; Value = ""; VariantName = "[No Variations]"
Change component parameters (AddParameter): Name = "Preis (CHF)"; Value = "0.38"; VariantName = "[No Variations]"
Change component parameters: Designator = "S4" ("S4"); Footprint = "Taster Print RND 210-00212"; UniqueID = "\BAVGPNKD" ("\BAVGPNKD")
Change component parameters (AddParameter): Name = "ComponentLink1Description"; Value = "link"; VariantName = "[No Variations]"
Change component parameters (AddParameter): Name = "ComponentLink1URL"; Value = "https://www.digikey.ch/product-detail/de/wurth-electronics-inc/430473035826/732-7021-1-ND/5225469"; VariantName = "[No Variations]"
Change component parameters (AddParameter): Name = "Haendler"; Value = "Mouser"; VariantName = "[No Variations]"
Change component parameters (AddParameter): Name = "Haendler Nr"; Value = "611-PTS647SM70SMTR2L"; VariantName = "[No Variations]"
Change component parameters (AddParameter): Name = "Hersteller"; Value = ""; VariantName = "[No Variations]"
Change component parameters (AddParameter): Name = "Hersteller Nr"; Value = ""; VariantName = "[No Variations]"
Change component parameters (AddParameter): Name = "Link"; Value = "https://www.mouser.ch/ProductDetail/CK/PTS647SM70SMTR2LFS?qs=PqoDHHvF64%252Bxl5nIb9IaOw%3D%3D"; VariantName = "[No Variations]"
Change component parameters (AddParameter): Name = "Link Hersteller"; Value = ""; VariantName = "[No Variations]"
Change component parameters (AddParameter): Name = "Preis (CHF)"; Value = "0.38"; VariantName = "[No Variations]"
Change component parameters: Designator = "S2" ("S2"); Footprint = "schiebeschalter 7A11-A1PCAE2"; UniqueID = "\RACITAET" ("\RACITAET")
Change component parameters (AddParameter): Name = "ComponentLink1Description"; Value = "C&K"; VariantName = "[No Variations]"
Change component parameters (AddParameter): Name = "ComponentLink1URL"; Value = "https://www.ckswitches.com/products/switches/product-details/Slide/AYZ/AYZ0202AGRLC/"; VariantName = "[No Variations]"
Change component parameters (AddParameter): Name = "Haendler"; Value = "Mouser"; VariantName = "[No Variations]"
Change component parameters (AddParameter): Name = "Haendler Nr"; Value = "612-EG2207"; VariantName = "[No Variations]"
Change component parameters (AddParameter): Name = "Hersteller"; Value = "E SWITCH"; VariantName = "[No Variations]"
Change component parameters (AddParameter): Name = "Hersteller Nr"; Value = "EG2207"; VariantName = "[No Variations]"
Change component parameters (AddParameter): Name = "Preis (CHF)"; Value = "0.66"; VariantName = "[No Variations]"
Added Component: Designator=R9(RES 0402 FOOTPRINT)
Add component (AddParameter): Name = "Bezeichnung"; Value = "R SMD"; VariantName = "[No Variations]"
Add component (AddParameter): Name = "Haendler"; Value = "MOUSER"; VariantName = "[No Variations]"
Add component (AddParameter): Name = "Haendler Nr"; Value = "667-ERJ-2RKF4702X"; VariantName = "[No Variations]"
Add component (AddParameter): Name = "Hersteller"; Value = "PANASONIK"; VariantName = "[No Variations]"
Add component (AddParameter): Name = "Hersteller Nr"; Value = "ERJ-2RKF4702X"; VariantName = "[No Variations]"
Add component (AddParameter): Name = "housing/footprint"; Value = "0402"; VariantName = "[No Variations]"
Add component (AddParameter): Name = "Preis (CHF)"; Value = "0.01"; VariantName = "[No Variations]"
Add component (AddParameter): Name = "Value"; Value = "47k"; VariantName = "[No Variations]"
Added Component: Designator=U5(SOT23 - 6)
Add component (AddParameter): Name = "Code_JEDEC"; Value = "SOT 23-6"; VariantName = "[No Variations]"
Add component (AddParameter): Name = "Haendler"; Value = "Mouser"; VariantName = "[No Variations]"
Add component (AddParameter): Name = "Haendler Nr"; Value = "595-TPS22917DBVT"; VariantName = "[No Variations]"
Add component (AddParameter): Name = "Hersteller"; Value = "TI"; VariantName = "[No Variations]"
Add component (AddParameter): Name = "Hersteller Nr"; Value = "TPS22917DBVT"; VariantName = "[No Variations]"
Add component (AddParameter): Name = "Hersteller Typ"; Value = ""; VariantName = "[No Variations]"
Add component (AddParameter): Name = "Link"; Value = "https://www.mouser.ch/ProductDetail/Texas-Instruments/TPS22917DBVT?qs=sGAEpiMZZMve4%2fbfQkoj%252bPJ2V24ZqG0%252bKgHGtqls2rU%3d"; VariantName = "[No Variations]"
Add component (AddParameter): Name = "Preis (CHF)"; Value = "0.6"; VariantName = "[No Variations]"
Added Pin To Net: NetName=GND Pin=R9-1
Added Pin To Net: NetName=GND Pin=S2-1
Added Pin To Net: NetName=VCC 5V Pin=S2-3
Added Pin To Net: NetName=VCC 5V Pin=S3-1
Added Pin To Net: NetName=BUTTON_1 Pin=S3-4
Added Pin To Net: NetName=VCC 5V Pin=S4-1
Added Pin To Net: NetName=BUTTON_2 Pin=S4-4
Added Pin To Net: NetName=VCC 3.3V Pin=U5-1
Added Pin To Net: NetName=GND Pin=U5-2
Added Pin To Net: NetName=LED TFT Pin=U5-6
Added Pin To Net: NetName=TFT LED ENABLE Pin=R9-2
Added Pin To Net: NetName=TFT LED ENABLE Pin=U1-5
Added Pin To Net: NetName=TFT LED ENABLE Pin=U5-3
Added Net: Name=TFT LED ENABLE
Added Member To Class: ClassName=Bee Hive MainBoard Member=Component R9 47k Ohm 0402
Added Member To Class: ClassName=Bee Hive MainBoard Member=Component U5 TPS22917DBVT
